SF:lib/core/di/injection_getit.dart
DA:9,9
DA:11,3
DA:14,6
DA:15,8
DA:20,18
DA:23,6
DA:24,6
DA:28,6
DA:29,12
LF:9
LH:9
end_of_record
SF:lib/features/domain/usecases/rendering_json_usecase.dart
DA:10,3
DA:12,2
DA:14,4
LF:3
LH:3
end_of_record
SF:lib/features/presentation/bloc/get_rendering_json_bloc/rendering_json_state.dart
DA:4,4
DA:6,1
DA:7,1
DA:18,3
DA:19,0
DA:20,0
LF:6
LH:4
end_of_record
SF:lib/features/presentation/bloc/get_rendering_json_bloc/rendering_json_bloc.dart
DA:14,3
DA:16,6
DA:17,5
DA:18,2
DA:19,4
DA:20,6
DA:21,2
DA:22,0
DA:23,6
LF:9
LH:8
end_of_record
SF:lib/features/presentation/bloc/get_rendering_json_bloc/rendering_json_event.dart
DA:4,2
DA:6,0
DA:7,0
LF:3
LH:1
end_of_record
SF:lib/features/data/datasource/local/rendering_json_local_data_source.dart
DA:12,2
DA:14,4
DA:15,2
DA:16,6
LF:4
LH:4
end_of_record
SF:lib/features/data/repositories/rendering_json_repository_impl.dart
DA:10,3
DA:14,2
DA:17,4
DA:18,2
DA:20,0
LF:5
LH:4
end_of_record
SF:lib/core/error/failure.dart
DA:4,0
DA:5,0
DA:13,0
LF:3
LH:0
end_of_record
SF:lib/core/usecases/usecase.dart
DA:10,0
DA:11,0
LF:2
LH:0
end_of_record
SF:lib/main.dart
DA:10,0
DA:11,0
DA:12,0
DA:14,0
DA:16,0
DA:17,0
DA:22,6
DA:25,1
DA:27,1
DA:29,0
DA:31,1
DA:32,0
LF:12
LH:4
end_of_record
SF:lib/theme/theme_provider.dart
DA:7,0
DA:9,2
DA:10,2
DA:11,2
DA:14,2
DA:15,2
DA:16,4
DA:18,0
LF:8
LH:6
end_of_record
SF:lib/features/presentation/pages/home/home_page.dart
DA:9,4
DA:11,1
DA:13,1
DA:14,3
LF:4
LH:4
end_of_record
SF:lib/features/presentation/pages/home/subpages/home_sub_page.dart
DA:11,4
DA:15,2
DA:16,2
DA:20,2
DA:22,8
DA:23,2
DA:26,2
DA:28,2
DA:29,6
DA:30,2
DA:31,6
DA:32,2
DA:33,4
DA:34,2
DA:35,6
DA:39,2
DA:40,2
DA:41,2
DA:42,2
DA:43,2
DA:44,6
DA:45,4
DA:61,2
DA:63,2
DA:64,4
DA:65,6
LF:26
LH:26
end_of_record
SF:lib/theme/theme.dart
DA:6,6
DA:8,2
DA:9,2
DA:10,2
DA:13,4
DA:14,6
DA:16,0
DA:18,0
DA:19,0
DA:20,0
DA:23,0
DA:24,0
LF:12
LH:6
end_of_record
